Vivado Simulator v2023.2
Copyright 1986-2022 Xilinx, Inc. All Rights Reserved.
Copyright 2022-2023 Advanced Micro Devices, Inc. All Rights Reserved.
Running: /cad/xilinx/Vivado/2023.2/bin/unwrapped/lnx64.o/xelab --incr --debug typical --relax --mt 8 -L xil_defaultlib -L uvm -L unisims_ver -L secureip --snapshot tb_fault_injector_func_synth xil_defaultlib.tb_fault_injector xil_defaultlib.glbl -log elaborate.log 
Using 8 slave threads.
Starting static elaboration
Pass Through NonSizing Optimizer
WARNING: [VRFC 10-2861] module 'fault_injector' does not have a parameter named N [/home/azafeer/Desktop/test/fault_injector/tb_fault_injector.sv:36]
Completed static elaboration
Starting simulation data flow analysis
Completed simulation data flow analysis
Time Resolution for simulation is 1ps
Compiling module unisims_ver.LUT5
Compiling module unisims_ver.LUT6
Compiling module unisims_ver.x_lut3_mux8
Compiling module unisims_ver.LUT3
Compiling module unisims_ver.FDCE_default
Compiling module unisims_ver.x_lut2_mux4
Compiling module unisims_ver.LUT2
Compiling module unisims_ver.OBUF
Compiling module unisims_ver.LUT4
Compiling module unisims_ver.FDPE_default
Compiling module unisims_ver.BUFG
Compiling module unisims_ver.IBUF
Compiling module unisims_ver.x_lut1_mux2
Compiling module unisims_ver.LUT1(INIT=2'b01)
Compiling module xil_defaultlib.lfsr_address_gen
Compiling module xil_defaultlib.fault_injector
Compiling module xil_defaultlib.tb_fault_injector
Compiling module xil_defaultlib.glbl
Built simulation snapshot tb_fault_injector_func_synth
