
*** Running vivado
    with args -log fault_injector.vds -m64 -product Vivado -mode batch -messageDb vivado.pb -notrace -source fault_injector.tcl


****** Vivado v2023.2 (64-bit)
  **** SW Build 4029153 on Fri Oct 13 20:13:54 MDT 2023
  **** IP Build 4028589 on Sat Oct 14 00:45:43 MDT 2023
  **** SharedData Build 4025554 on Tue Oct 10 17:18:54 MDT 2023
    ** Copyright 1986-2022 Xilinx, Inc. All Rights Reserved.
    ** Copyright 2022-2023 Advanced Micro Devices, Inc. All Rights Reserved.

source fault_injector.tcl -notrace
create_project: Time (s): cpu = 00:00:08 ; elapsed = 00:00:08 . Memory (MB): peak = 1336.238 ; gain = 6.961 ; free physical = 36298 ; free virtual = 72773
Command: read_checkpoint -auto_incremental -incremental /home/azafeer/Desktop/test/fault_injector/fault_injector.srcs/utils_1/imports/synth_1/fault_injector.dcp
INFO: [Vivado 12-5825] Read reference checkpoint from /home/azafeer/Desktop/test/fault_injector/fault_injector.srcs/utils_1/imports/synth_1/fault_injector.dcp for incremental synthesis
INFO: [Vivado 12-7989] Please ensure there are no constraint changes
Command: synth_design -top fault_injector -part xc7vx485tffg1157-1
Starting synth_design
Attempting to get a license for feature 'Synthesis' and/or device 'xc7vx485t'
INFO: [Common 17-349] Got license for feature 'Synthesis' and/or device 'xc7vx485t'
INFO: [Common 17-1540] The version limit for your license is '2024.01' and has expired for new software. A version limit expiration means that, although you may be able to continue to use the current version of tools or IP with this license, you will not be eligible for new releases.
INFO: [Designutils 20-5440] No compile time benefit to using incremental synthesis; A full resynthesis will be run
INFO: [Designutils 20-4379] Flow is switching to default flow due to incremental criteria not met. If you would like to alter this behaviour and have the flow terminate instead, please set the following parameter config_implementation {autoIncr.Synth.RejectBehavior Terminate}
INFO: [Synth 8-7079] Multithreading enabled for synth_design using a maximum of 4 processes.
INFO: [Synth 8-7078] Launching helper process for spawning children vivado processes
INFO: [Synth 8-7075] Helper process launched with PID 3445840
---------------------------------------------------------------------------------
Starting Synthesize : Time (s): cpu = 00:00:05 ; elapsed = 00:00:05 . Memory (MB): peak = 1768.977 ; gain = 408.684 ; free physical = 35614 ; free virtual = 72089
---------------------------------------------------------------------------------
INFO: [Synth 8-6157] synthesizing module 'fault_injector' [/home/azafeer/Desktop/test/fault_injector/fault_injector.srcs/sources_1/imports/new/fault_injector.sv:38]
WARNING: [Synth 8-324] index 3 out of range [/home/azafeer/Desktop/test/fault_injector/fault_injector.srcs/sources_1/imports/new/fault_injector.sv:59]
WARNING: [Synth 8-324] index 3 out of range [/home/azafeer/Desktop/test/fault_injector/fault_injector.srcs/sources_1/imports/new/fault_injector.sv:66]
WARNING: [Synth 8-324] index 3 out of range [/home/azafeer/Desktop/test/fault_injector/fault_injector.srcs/sources_1/imports/new/fault_injector.sv:67]
INFO: [Synth 8-6155] done synthesizing module 'fault_injector' (0#1) [/home/azafeer/Desktop/test/fault_injector/fault_injector.srcs/sources_1/imports/new/fault_injector.sv:38]
---------------------------------------------------------------------------------
Finished Synthesize : Time (s): cpu = 00:00:06 ; elapsed = 00:00:07 . Memory (MB): peak = 1843.945 ; gain = 483.652 ; free physical = 35516 ; free virtual = 71993
---------------------------------------------------------------------------------
---------------------------------------------------------------------------------
Finished Constraint Validation : Time (s): cpu = 00:00:07 ; elapsed = 00:00:08 . Memory (MB): peak = 1861.758 ; gain = 501.465 ; free physical = 35515 ; free virtual = 71991
---------------------------------------------------------------------------------
---------------------------------------------------------------------------------
Start Loading Part and Timing Information
---------------------------------------------------------------------------------
Loading part: xc7vx485tffg1157-1
INFO: [Device 21-403] Loading part xc7vx485tffg1157-1
---------------------------------------------------------------------------------
Finished Loading Part and Timing Information : Time (s): cpu = 00:00:07 ; elapsed = 00:00:08 . Memory (MB): peak = 1869.762 ; gain = 509.469 ; free physical = 35515 ; free virtual = 71991
---------------------------------------------------------------------------------
INFO: [Synth 8-802] inferred FSM for state register 'current_state_reg' in module 'fault_injector'
---------------------------------------------------------------------------------------------------
                   State |                     New Encoding |                Previous Encoding 
---------------------------------------------------------------------------------------------------
                    IDLE |                              001 |                               00
                   DELAY |                              010 |                               01
                   PULSE |                              100 |                               10
---------------------------------------------------------------------------------------------------
INFO: [Synth 8-3354] encoded FSM with state register 'current_state_reg' using encoding 'one-hot' in module 'fault_injector'
---------------------------------------------------------------------------------
Finished RTL Optimization Phase 2 : Time (s): cpu = 00:00:07 ; elapsed = 00:00:08 . Memory (MB): peak = 1887.574 ; gain = 527.281 ; free physical = 35497 ; free virtual = 71974
---------------------------------------------------------------------------------
No constraint files found.
---------------------------------------------------------------------------------
Start RTL Component Statistics 
---------------------------------------------------------------------------------
Detailed RTL Component Info : 
+---Adders : 
	   2 Input    7 Bit       Adders := 1     
+---Registers : 
	               32 Bit    Registers := 1     
	                1 Bit    Registers := 1     
+---Muxes : 
	   2 Input    7 Bit        Muxes := 1     
	   3 Input    3 Bit        Muxes := 1     
	   2 Input    3 Bit        Muxes := 2     
	   2 Input    1 Bit        Muxes := 1     
---------------------------------------------------------------------------------
Finished RTL Component Statistics 
---------------------------------------------------------------------------------
---------------------------------------------------------------------------------
Start Part Resource Summary
---------------------------------------------------------------------------------
Part Resources:
DSPs: 2800 (col length:140)
BRAMs: 2060 (col length: RAMB18 140 RAMB36 70)
---------------------------------------------------------------------------------
Finished Part Resource Summary
---------------------------------------------------------------------------------
No constraint files found.
---------------------------------------------------------------------------------
Start Cross Boundary and Area Optimization
---------------------------------------------------------------------------------
WARNING: [Synth 8-7080] Parallel synthesis criteria is not met
---------------------------------------------------------------------------------
Finished Cross Boundary and Area Optimization : Time (s): cpu = 00:00:17 ; elapsed = 00:00:19 . Memory (MB): peak = 2150.832 ; gain = 790.539 ; free physical = 35219 ; free virtual = 71698
---------------------------------------------------------------------------------
No constraint files found.
---------------------------------------------------------------------------------
Start Timing Optimization
---------------------------------------------------------------------------------
---------------------------------------------------------------------------------
Finished Timing Optimization : Time (s): cpu = 00:00:17 ; elapsed = 00:00:19 . Memory (MB): peak = 2150.832 ; gain = 790.539 ; free physical = 35219 ; free virtual = 71698
---------------------------------------------------------------------------------
---------------------------------------------------------------------------------
Start Technology Mapping
---------------------------------------------------------------------------------
---------------------------------------------------------------------------------
Finished Technology Mapping : Time (s): cpu = 00:00:17 ; elapsed = 00:00:19 . Memory (MB): peak = 2150.832 ; gain = 790.539 ; free physical = 35219 ; free virtual = 71698
---------------------------------------------------------------------------------
---------------------------------------------------------------------------------
Start IO Insertion
---------------------------------------------------------------------------------
---------------------------------------------------------------------------------
Start Flattening Before IO Insertion
---------------------------------------------------------------------------------
---------------------------------------------------------------------------------
Finished Flattening Before IO Insertion
---------------------------------------------------------------------------------
---------------------------------------------------------------------------------
Start Final Netlist Cleanup
---------------------------------------------------------------------------------
---------------------------------------------------------------------------------
Finished Final Netlist Cleanup
---------------------------------------------------------------------------------
---------------------------------------------------------------------------------
Finished IO Insertion : Time (s): cpu = 00:00:22 ; elapsed = 00:00:23 . Memory (MB): peak = 2150.832 ; gain = 790.539 ; free physical = 35219 ; free virtual = 71699
---------------------------------------------------------------------------------
---------------------------------------------------------------------------------
Start Renaming Generated Instances
---------------------------------------------------------------------------------
---------------------------------------------------------------------------------
Finished Renaming Generated Instances : Time (s): cpu = 00:00:22 ; elapsed = 00:00:23 . Memory (MB): peak = 2150.832 ; gain = 790.539 ; free physical = 35219 ; free virtual = 71699
---------------------------------------------------------------------------------
---------------------------------------------------------------------------------
Start Rebuilding User Hierarchy
---------------------------------------------------------------------------------
---------------------------------------------------------------------------------
Finished Rebuilding User Hierarchy : Time (s): cpu = 00:00:22 ; elapsed = 00:00:23 . Memory (MB): peak = 2150.832 ; gain = 790.539 ; free physical = 35219 ; free virtual = 71699
---------------------------------------------------------------------------------
---------------------------------------------------------------------------------
Start Renaming Generated Ports
---------------------------------------------------------------------------------
---------------------------------------------------------------------------------
Finished Renaming Generated Ports : Time (s): cpu = 00:00:22 ; elapsed = 00:00:23 . Memory (MB): peak = 2150.832 ; gain = 790.539 ; free physical = 35219 ; free virtual = 71699
---------------------------------------------------------------------------------
---------------------------------------------------------------------------------
Start Handling Custom Attributes
---------------------------------------------------------------------------------
---------------------------------------------------------------------------------
Finished Handling Custom Attributes : Time (s): cpu = 00:00:22 ; elapsed = 00:00:23 . Memory (MB): peak = 2150.832 ; gain = 790.539 ; free physical = 35219 ; free virtual = 71699
---------------------------------------------------------------------------------
---------------------------------------------------------------------------------
Start Renaming Generated Nets
---------------------------------------------------------------------------------
---------------------------------------------------------------------------------
Finished Renaming Generated Nets : Time (s): cpu = 00:00:22 ; elapsed = 00:00:23 . Memory (MB): peak = 2150.832 ; gain = 790.539 ; free physical = 35219 ; free virtual = 71699
---------------------------------------------------------------------------------
---------------------------------------------------------------------------------
Start Writing Synthesis Report
---------------------------------------------------------------------------------

Report BlackBoxes: 
+-+--------------+----------+
| |BlackBox name |Instances |
+-+--------------+----------+
+-+--------------+----------+

Report Cell Usage: 
+------+-----+------+
|      |Cell |Count |
+------+-----+------+
|1     |BUFG |     1|
|2     |LUT1 |     1|
|3     |LUT2 |     3|
|4     |LUT3 |     2|
|5     |LUT4 |     1|
|6     |LUT5 |     3|
|7     |LUT6 |     8|
|8     |FDCE |    10|
|9     |FDPE |     1|
|10    |IBUF |     2|
|11    |OBUF |     3|
+------+-----+------+

Report Instance Areas: 
+------+---------+-------+------+
|      |Instance |Module |Cells |
+------+---------+-------+------+
|1     |top      |       |    35|
+------+---------+-------+------+
---------------------------------------------------------------------------------
Finished Writing Synthesis Report : Time (s): cpu = 00:00:22 ; elapsed = 00:00:23 . Memory (MB): peak = 2150.832 ; gain = 790.539 ; free physical = 35219 ; free virtual = 71699
---------------------------------------------------------------------------------
Synthesis finished with 0 errors, 0 critical warnings and 4 warnings.
Synthesis Optimization Runtime : Time (s): cpu = 00:00:22 ; elapsed = 00:00:23 . Memory (MB): peak = 2150.832 ; gain = 790.539 ; free physical = 35219 ; free virtual = 71699
Synthesis Optimization Complete : Time (s): cpu = 00:00:22 ; elapsed = 00:00:23 . Memory (MB): peak = 2150.840 ; gain = 790.539 ; free physical = 35219 ; free virtual = 71699
INFO: [Project 1-571] Translating synthesized netlist
Netlist sorting complete. Time (s): cpu = 00:00:00 ; elapsed = 00:00:00 . Memory (MB): peak = 2158.770 ; gain = 0.000 ; free physical = 35499 ; free virtual = 71976
INFO: [Project 1-570] Preparing netlist for logic optimization
INFO: [Opt 31-138] Pushed 0 inverter(s) to 0 load pin(s).
Netlist sorting complete. Time (s): cpu = 00:00:00 ; elapsed = 00:00:00 . Memory (MB): peak = 2307.391 ; gain = 0.000 ; free physical = 35418 ; free virtual = 71896
INFO: [Project 1-111] Unisim Transformation Summary:
No Unisim elements were transformed.

Synth Design complete | Checksum: 6cc99695
INFO: [Common 17-83] Releasing license: Synthesis
19 Infos, 4 Warnings, 0 Critical Warnings and 0 Errors encountered.
synth_design completed successfully
synth_design: Time (s): cpu = 00:00:30 ; elapsed = 00:00:37 . Memory (MB): peak = 2307.426 ; gain = 967.219 ; free physical = 35417 ; free virtual = 71895
INFO: [Common 17-2834] synth_design peak Physical Memory [PSS] (MB): overall = 1744.265; main = 1497.407; forked = 358.388
INFO: [Common 17-2834] synth_design peak Virtual Memory [VSS] (MB): overall = 3133.371; main = 2307.395; forked = 982.535
Write ShapeDB Complete: Time (s): cpu = 00:00:00.01 ; elapsed = 00:00:00 . Memory (MB): peak = 2331.402 ; gain = 0.000 ; free physical = 35417 ; free virtual = 71895
INFO: [Common 17-1381] The checkpoint '/home/azafeer/Desktop/test/fault_injector/fault_injector.runs/synth_1/fault_injector.dcp' has been generated.
INFO: [runtcl-4] Executing : report_utilization -file fault_injector_utilization_synth.rpt -pb fault_injector_utilization_synth.pb
INFO: [Common 17-206] Exiting Vivado at Sat Feb 17 21:24:53 2024...
